<?xml version="1.0" encoding="UTF-8"?>
<robot generator="Robot 3.1.2 (Python 3.7.3 on darwin)" generated="20200404 21:03:35.041" rpa="false">
<suite id="s1" name="Google Search" source="/Users/kansen/Documents/Code/Study/WebDemo/search_tests/google_search.robot">
<test id="s1-t1" name="Valid Search">
<kw name="Open Browser" library="SeleniumLibrary">
<doc>Opens a new browser instance to the optional ``url``.</doc>
<arguments>
<arg>${SERVER}</arg>
<arg>chrome</arg>
</arguments>
<msg timestamp="20200404 21:03:35.414" level="INFO">Opening browser 'chrome' to base url 'https://www.baidu.com'.</msg>
<status status="PASS" starttime="20200404 21:03:35.414" endtime="20200404 21:03:37.993"></status>
</kw>
<kw name="Maximize Browser Window" library="SeleniumLibrary">
<doc>Maximizes current browser window.</doc>
<status status="PASS" starttime="20200404 21:03:37.994" endtime="20200404 21:03:38.155"></status>
</kw>
<kw name="Input Text" library="SeleniumLibrary">
<doc>Types the given ``text`` into the text field identified by ``locator``.</doc>
<arguments>
<arg>${INPUTID}</arg>
<arg>${SEARCHITEM}</arg>
</arguments>
<msg timestamp="20200404 21:03:38.156" level="INFO">Typing text 'ss' into text field 'kw'.</msg>
<status status="PASS" starttime="20200404 21:03:38.155" endtime="20200404 21:03:38.290"></status>
</kw>
<kw name="Click Element" library="SeleniumLibrary">
<doc>Click the element identified by ``locator``.</doc>
<arguments>
<arg>${SEARCHID}</arg>
</arguments>
<msg timestamp="20200404 21:03:38.291" level="INFO">Clicking element 'su'.</msg>
<status status="PASS" starttime="20200404 21:03:38.291" endtime="20200404 21:03:38.398"></status>
</kw>
<kw name="Sleep" library="BuiltIn">
<doc>Pauses the test executed for the given time.</doc>
<arguments>
<arg>2</arg>
</arguments>
<msg timestamp="20200404 21:03:40.399" level="INFO">Slept 2 seconds</msg>
<status status="PASS" starttime="20200404 21:03:38.398" endtime="20200404 21:03:40.399"></status>
</kw>
<kw name="Click Link" library="SeleniumLibrary">
<doc>Clicks a link identified by ``locator``.</doc>
<arguments>
<arg>图片</arg>
</arguments>
<msg timestamp="20200404 21:03:40.400" level="INFO">Clicking link '图片'.</msg>
<status status="PASS" starttime="20200404 21:03:40.400" endtime="20200404 21:03:41.529"></status>
</kw>
<kw name="Click Element" library="SeleniumLibrary">
<doc>Click the element identified by ``locator``.</doc>
<arguments>
<arg>//div[@id="imgid"][1]/div/ul[@class="imglist clearfix pageNum0"]/li[${PICINDEX}]</arg>
</arguments>
<msg timestamp="20200404 21:03:41.530" level="INFO">Clicking element '//div[@id="imgid"][1]/div/ul[@class="imglist clearfix pageNum0"]/li[3]'.</msg>
<status status="PASS" starttime="20200404 21:03:41.529" endtime="20200404 21:03:41.698"></status>
</kw>
<kw name="Get Window Titles" library="SeleniumLibrary">
<doc>Returns and logs titles of all windows of the selected browser.</doc>
<assign>
<var>${titles}</var>
</assign>
<msg timestamp="20200404 21:03:43.857" level="INFO">Altogether 2 items.
1: ss_百度图片搜索
2: ss的搜索结果_百度图片搜索</msg>
<msg timestamp="20200404 21:03:43.857" level="INFO">${titles} = ['ss_百度图片搜索', 'ss的搜索结果_百度图片搜索']</msg>
<status status="PASS" starttime="20200404 21:03:41.698" endtime="20200404 21:03:43.857"></status>
</kw>
<kw name="Log To Console" library="BuiltIn">
<doc>Logs the given message to the console.</doc>
<arguments>
<arg>${titles}</arg>
<arg>DEBUG</arg>
</arguments>
<status status="PASS" starttime="20200404 21:03:43.857" endtime="20200404 21:03:43.858"></status>
</kw>
<kw name="Select Window" library="SeleniumLibrary">
<doc>DEPRECATED in SeleniumLibrary 4.0. , use `Switch Window` instead.</doc>
<arguments>
<arg>title=${titles}[1]</arg>
</arguments>
<status status="PASS" starttime="20200404 21:03:43.858" endtime="20200404 21:03:44.023"></status>
</kw>
<kw name="Capture Page Screenshot" library="SeleniumLibrary">
<doc>Takes a screenshot of the current page and embeds it into a log file.</doc>
<arguments>
<arg>capture.png</arg>
</arguments>
<msg timestamp="20200404 21:03:44.846" level="INFO" html="yes">&lt;/td&gt;&lt;/tr&gt;&lt;tr&gt;&lt;td colspan="3"&gt;&lt;a href="capture.png"&gt;&lt;img src="capture.png" width="800px"&gt;&lt;/a&gt;</msg>
<status status="PASS" starttime="20200404 21:03:44.023" endtime="20200404 21:03:44.846"></status>
</kw>
<kw name="Sleep" library="BuiltIn">
<doc>Pauses the test executed for the given time.</doc>
<arguments>
<arg>2</arg>
</arguments>
<msg timestamp="20200404 21:03:46.849" level="INFO">Slept 2 seconds</msg>
<status status="PASS" starttime="20200404 21:03:44.846" endtime="20200404 21:03:46.849"></status>
</kw>
<kw name="Set Variable" library="BuiltIn">
<doc>Returns the given values which can then be assigned to a variables.</doc>
<arguments>
<arg>sample.png</arg>
</arguments>
<assign>
<var>${sample}</var>
</assign>
<msg timestamp="20200404 21:03:46.850" level="INFO">${sample} = sample.png</msg>
<status status="PASS" starttime="20200404 21:03:46.850" endtime="20200404 21:03:46.850"></status>
</kw>
<kw name="Set Variable" library="BuiltIn">
<doc>Returns the given values which can then be assigned to a variables.</doc>
<arguments>
<arg>capture.png</arg>
</arguments>
<assign>
<var>${capture}</var>
</assign>
<msg timestamp="20200404 21:03:46.851" level="INFO">${capture} = capture.png</msg>
<status status="PASS" starttime="20200404 21:03:46.850" endtime="20200404 21:03:46.851"></status>
</kw>
<kw name="Pic Compare" library="picCheck">
<arguments>
<arg>${sample}</arg>
<arg>${capture}</arg>
</arguments>
<assign>
<var>${cmpValue}</var>
</assign>
<msg timestamp="20200404 21:03:47.019" level="INFO">/Users/kansen/Documents/Code/Study/WebDemo/sample.png
/Users/kansen/Documents/Code/Study/WebDemo/capture.png</msg>
<msg timestamp="20200404 21:03:47.020" level="INFO">${cmpValue} = 13</msg>
<status status="PASS" starttime="20200404 21:03:46.851" endtime="20200404 21:03:47.020"></status>
</kw>
<kw name="Should Be True" library="BuiltIn">
<doc>Fails if the given condition is not true.</doc>
<arguments>
<arg>${cmpValue}&lt;20</arg>
</arguments>
<status status="PASS" starttime="20200404 21:03:47.020" endtime="20200404 21:03:47.020"></status>
</kw>
<kw name="Should Be True" library="BuiltIn">
<doc>Fails if the given condition is not true.</doc>
<arguments>
<arg>${cmpValue}&gt;0</arg>
</arguments>
<status status="PASS" starttime="20200404 21:03:47.020" endtime="20200404 21:03:47.020"></status>
</kw>
<kw name="Log To Console" library="BuiltIn">
<doc>Logs the given message to the console.</doc>
<arguments>
<arg>${cmpValue}</arg>
<arg>DEBUG</arg>
</arguments>
<status status="PASS" starttime="20200404 21:03:47.021" endtime="20200404 21:03:47.021"></status>
</kw>
<kw name="Close Browser" library="SeleniumLibrary" type="teardown">
<doc>Closes the current browser.</doc>
<status status="PASS" starttime="20200404 21:03:47.021" endtime="20200404 21:03:47.146"></status>
</kw>
<status status="PASS" starttime="20200404 21:03:35.413" endtime="20200404 21:03:47.146" critical="yes"></status>
</test>
<doc>A test suite with a single test for valid search.

This test has a workflow that is created using keywords in
the imported resource file.</doc>
<status status="PASS" starttime="20200404 21:03:35.042" endtime="20200404 21:03:47.147"></status>
</suite>
<statistics>
<total>
<stat pass="1" fail="0">Critical Tests</stat>
<stat pass="1" fail="0">All Tests</stat>
</total>
<tag>
</tag>
<suite>
<stat pass="1" fail="0" id="s1" name="Google Search">Google Search</stat>
</suite>
</statistics>
<errors>
</errors>
</robot>
